<?xml version="1.0" encoding="UTF-8"?>
<!-- Generated by org.testng.reporters.JUnitXMLReporter -->
<testsuite hostname="ip-172-31-91-231" ignored="4" name="Test" tests="5" failures="0" timestamp="29 Dec 2021 12:33:19 GMT" time="8.088" errors="0">
  <testcase name="NegativeSignup" time="0.857" classname="Tests.SignupTest"/>
  <testcase name="PositivesignupTest" time="0.821" classname="Tests.SignupTest"/>
  <testcase name="NegativeLogin" time="0.353" classname="Tests.LoginTest"/>
  <testcase name="positiveLogin" time="0.366" classname="Tests.LoginTest"/>
  <testcase name="CompleteOrderandValidate" time="1.107" classname="Tests.CompleteOrderandValidateTest"/>
  <testcase name="@AfterTest ReportTearDown" time="0.0" classname="Tests.Baseclass">
    <ignored/>
  </testcase> <!-- @AfterTest ReportTearDown -->
  <testcase name="@AfterTest ReportTearDown" time="0.0" classname="Tests.Baseclass">
    <ignored/>
  </testcase> <!-- @AfterTest ReportTearDown -->
  <testcase name="@BeforeTest ReportSetup" time="0.0" classname="Tests.Baseclass">
    <ignored/>
  </testcase> <!-- @BeforeTest ReportSetup -->
  <testcase name="@BeforeTest ReportSetup" time="0.0" classname="Tests.Baseclass">
    <ignored/>
  </testcase> <!-- @BeforeTest ReportSetup -->
</testsuite> <!-- Test -->
