<?xml version="1.0" encoding="UTF-8"?>
<!-- Generated by org.testng.reporters.JUnitXMLReporter -->
<testsuite hostname="ip-172-31-91-231" ignored="2" name="Test" tests="4" failures="0" timestamp="28 Dec 2021 17:58:25 GMT" time="6.506" errors="0">
  <testcase name="NegativeSignup" time="0.828" classname="Tests.SignupTest"/>
  <testcase name="signupTest" time="0.797" classname="Tests.SignupTest"/>
  <testcase name="NegativeLogin" time="0.368" classname="Tests.LoginTest"/>
  <testcase name="positiveLogin" time="0.436" classname="Tests.LoginTest"/>
  <testcase name="@AfterTest ReportTearDown" time="0.0" classname="Tests.Baseclass">
    <ignored/>
  </testcase> <!-- @AfterTest ReportTearDown -->
  <testcase name="@BeforeTest ReportSetup" time="0.0" classname="Tests.Baseclass">
    <ignored/>
  </testcase> <!-- @BeforeTest ReportSetup -->
</testsuite> <!-- Test -->
